[debug] [2021-03-27T23:30:52.904Z] ----------------------------------------------------------------------
[debug] [2021-03-27T23:30:52.906Z] Command:       /usr/local/bin/node /usr/local/bin/firebase init
[debug] [2021-03-27T23:30:52.907Z] CLI Version:   9.6.0
[debug] [2021-03-27T23:30:52.907Z] Platform:      darwin
[debug] [2021-03-27T23:30:52.907Z] Node Version:  v14.9.0
[debug] [2021-03-27T23:30:52.908Z] Time:          Sat Mar 27 2021 16:30:52 GMT-0700 (Pacific Daylight Time)
[debug] [2021-03-27T23:30:52.908Z] ----------------------------------------------------------------------
[debug] [2021-03-27T23:30:52.908Z] 
[debug] [2021-03-27T23:30:52.912Z] > command requires scopes: ["email","openid","https://www.googleapis.com/auth/cloudplatformprojects.readonly","https://www.googleapis.com/auth/firebase","https://www.googleapis.com/auth/cloud-platform"]
[debug] [2021-03-27T23:30:52.912Z] > authorizing via signed-in user
[info] 
     ######## #### ########  ######## ########     ###     ######  ########
     ##        ##  ##     ## ##       ##     ##  ##   ##  ##       ##
     ######    ##  ########  ######   ########  #########  ######  ######
     ##        ##  ##    ##  ##       ##     ## ##     ##       ## ##
     ##       #### ##     ## ######## ########  ##     ##  ######  ########

You're about to initialize a Firebase project in this directory:

  /Users/debraycarpenter/Development/gmbl.games/gmbl-frontend

[info] 
=== Project Setup
[info] 
[info] First, let's associate this project directory with a Firebase project.
[info] You can create multiple project aliases by running firebase use --add, 
[info] but for now we'll just set up a default project.
[info] 
[debug] [2021-03-27T23:31:02.172Z] > refreshing access token with scopes: []
[debug] [2021-03-27T23:31:02.173Z] >>> HTTP REQUEST POST https://www.googleapis.com/oauth2/v3/token  
 <request body omitted>
[debug] [2021-03-27T23:31:02.335Z] <<< HTTP RESPONSE 400 {"pragma":"no-cache","date":"Sat, 27 Mar 2021 23:31:02 GMT","expires":"Mon, 01 Jan 1990 00:00:00 GMT","cache-control":"no-cache, no-store, max-age=0, must-revalidate","content-type":"application/json; charset=utf-8","vary":"X-Origin, Referer, Origin,Accept-Encoding","server":"scaffolding on HTTPServer2","x-xss-protection":"0","x-frame-options":"SAMEORIGIN","x-content-type-options":"nosniff","alt-svc":"h3-29=\":443\"; ma=2592000,h3-T051=\":443\"; ma=2592000,h3-Q050=\":443\"; ma=2592000,h3-Q046=\":443\"; ma=2592000,h3-Q043=\":443\"; ma=2592000,quic=\":443\"; ma=2592000; v=\"46,43\"","accept-ranges":"none","transfer-encoding":"chunked"}
[debug] [2021-03-27T23:31:02.338Z] >>> [apiv2][query] GET https://firebase.googleapis.com/v1beta1/projects pageSize=100
[debug] [2021-03-27T23:31:02.448Z] <<< [apiv2][status] GET https://firebase.googleapis.com/v1beta1/projects 401
[debug] [2021-03-27T23:31:02.448Z] <<< [apiv2][body] GET https://firebase.googleapis.com/v1beta1/projects [omitted]
[debug] [2021-03-27T23:31:02.448Z] HTTP Error: 401, Request had invalid authentication credentials. Expected OAuth 2 access token, login cookie or other valid authentication credential. See https://developers.google.com/identity/sign-in/web/devconsole-project.
[debug] [2021-03-27T23:31:02.554Z] FirebaseError: HTTP Error: 401, Request had invalid authentication credentials. Expected OAuth 2 access token, login cookie or other valid authentication credential. See https://developers.google.com/identity/sign-in/web/devconsole-project.
    at module.exports (/usr/local/lib/node_modules/firebase-tools/lib/responseToError.js:38:12)
    at Client.doRequest (/usr/local/lib/node_modules/firebase-tools/lib/apiv2.js:238:23)
    at processTicksAndRejections (internal/process/task_queues.js:93:5)
    at async Client.request (/usr/local/lib/node_modules/firebase-tools/lib/apiv2.js:96:20)
    at async getProjectPage (/usr/local/lib/node_modules/firebase-tools/lib/management/projects.js:232:17)
    at async getFirebaseProjectPage (/usr/local/lib/node_modules/firebase-tools/lib/management/projects.js:249:23)
    at async selectProjectInteractively (/usr/local/lib/node_modules/firebase-tools/lib/management/projects.js:95:41)
    at async Object.doSetup [as project] (/usr/local/lib/node_modules/firebase-tools/lib/init/features/project.js:87:27)
    at async init (/usr/local/lib/node_modules/firebase-tools/lib/init/index.js:19:9)
[error] 
[error] Error: Failed to list Firebase projects. See firebase-debug.log for more info.
